[Wed, 21 Feb 2024 05:13:33 +0000] [/novaversao/wp-content/cache/minify/d3d9c.css] [https://localhost/novaversao/home-2/] novaversao\/wp-content/themes/astra/assets/css/minified/main.min.css
[Wed, 21 Feb 2024 05:13:33 +0000] [/novaversao/wp-content/cache/minify/ec9e4.css] [https://localhost/novaversao/home-2/] novaversao\/wp-includes/css/dist/block-library/style.min.css
[Wed, 21 Feb 2024 05:13:34 +0000] [/novaversao/wp-content/cache/minify/a6d81.css] [https://localhost/novaversao/home-2/] novaversao\/wp-content/plugins/ultimate-addons-for-gutenberg/assets/css/spectra-block-positioning.min.css
novaversao\/wp-content/uploads/uag-plugin/assets/0/uag-css-91.css
novaversao\/wp-content/themes/astra-child/style.css
[Wed, 21 Feb 2024 05:13:34 +0000] [/novaversao/wp-content/cache/minify/71c0d.js] [https://localhost/novaversao/home-2/] novaversao\/wp-content/themes/astra/assets/js/minified/frontend.min.js
novaversao\/wp-content/plugins/ultimate-addons-for-gutenberg/assets/js/spectra-block-positioning.min.js
[Wed, 21 Feb 2024 05:13:50 +0000] [/novaversao/wp-content/cache/minify/99f9b.js] [https://localhost/novaversao/quem-sou/] novaversao\/wp-content/themes/astra/assets/js/minified/frontend.min.js
[Wed, 21 Feb 2024 05:13:50 +0000] [/novaversao/wp-content/cache/minify/1cda3.css] [https://localhost/novaversao/quem-sou/] novaversao\/wp-content/themes/astra-child/style.css
[Wed, 21 Feb 2024 05:14:02 +0000] [/novaversao/wp-content/cache/minify/7d8e7.css] [https://localhost/novaversao/trabalhos-recentes/] novaversao\/wp-content/uploads/uag-plugin/assets/0/uag-css-256.css
novaversao\/wp-content/themes/astra-child/style.css
[Wed, 21 Feb 2024 05:14:02 +0000] [/novaversao/wp-content/cache/minify/f0b8a.js] [https://localhost/novaversao/trabalhos-recentes/] novaversao\/wp-content/plugins/ultimate-addons-for-gutenberg/assets/js/post.min.js
[Wed, 21 Feb 2024 05:14:02 +0000] [/novaversao/wp-content/cache/minify/cd61c.js] [https://localhost/novaversao/trabalhos-recentes/] novaversao\/wp-includes/js/jquery/jquery.min.js
novaversao\/wp-includes/js/jquery/jquery-migrate.min.js
[Wed, 21 Feb 2024 05:14:18 +0000] [/novaversao/wp-content/cache/minify/50c55.js] [http://localhost/novaversao/contato/] novaversao\/wp-content/themes/astra/assets/js/minified/frontend.min.js
novaversao\/wp-content/plugins/ultimate-addons-for-gutenberg/assets/js/spectra-block-positioning.min.js
novaversao\/wp-includes/js/jquery/jquery.min.js
novaversao\/wp-includes/js/jquery/jquery-migrate.min.js
novaversao\/wp-content/plugins/wpforms-lite/assets/lib/jquery.validate.min.js
novaversao\/wp-content/plugins/wpforms-lite/assets/lib/jquery.inputmask.min.js
novaversao\/wp-content/plugins/wpforms-lite/assets/lib/mailcheck.min.js
novaversao\/wp-content/plugins/wpforms-lite/assets/lib/punycode.min.js
novaversao\/wp-content/plugins/wpforms-lite/assets/js/utils.min.js
novaversao\/wp-content/plugins/wpforms-lite/assets/js/wpforms.min.js
novaversao\/wp-content/plugins/wpforms-lite/assets/js/wpforms-modern.min.js
[Wed, 21 Feb 2024 05:14:18 +0000] [/novaversao/wp-content/cache/minify/46bdc.css] [http://localhost/novaversao/contato/] novaversao\/wp-content/plugins/ultimate-addons-for-gutenberg/assets/css/spectra-block-positioning.min.css
novaversao\/wp-content/uploads/uag-plugin/assets/0/uag-css-166.css
novaversao\/wp-content/plugins/wpforms-lite/assets/css/frontend/modern/wpforms-full.min.css
novaversao\/wp-content/themes/astra-child/style.css
[Wed, 21 Feb 2024 05:15:38 +0000] [/novaversao/wp-content/cache/minify/81514.css] [http://localhost/novaversao/] novaversao\/wp-includes/css/dashicons.min.css
novaversao\/wp-includes/css/admin-bar.min.css
[Wed, 21 Feb 2024 05:15:38 +0000] [/novaversao/wp-content/cache/minify/d6578.css] [http://localhost/novaversao/] novaversao\/wp-content/plugins/ultimate-addons-for-gutenberg/assets/css/spectra-block-positioning.min.css
novaversao\/wp-content/uploads/uag-plugin/assets/0/uag-css-335.css
novaversao\/wp-content/plugins/ultimate-addons-for-gutenberg/assets/css/slick.min.css
novaversao\/wp-content/plugins/ultimate-addons-for-gutenberg/assets/css/swiper-bundle.min.css
novaversao\/wp-content/uploads/uag-plugin/assets/0/uag-css-254.css
novaversao\/wp-content/plugins/ultimate-addons-for-gutenberg/lib/zip-ai/sidebar/build/sidebar-app.css
novaversao\/wp-content/plugins/wpforms-lite/assets/css/admin-bar.min.css
[Wed, 21 Feb 2024 05:15:38 +0000] [/novaversao/wp-content/cache/minify/65af2.js] [http://localhost/novaversao/] novaversao\/wp-includes/js/hoverintent-js.min.js
[Wed, 21 Feb 2024 05:15:38 +0000] [/novaversao/wp-content/cache/minify/79b69.js] [http://localhost/novaversao/] novaversao\/wp-includes/js/admin-bar.min.js
[Wed, 21 Feb 2024 05:15:41 +0000] [/novaversao/wp-content/cache/minify/22664.js] [http://localhost/novaversao/] novaversao\/wp-includes/js/dist/url.min.js
[Wed, 21 Feb 2024 05:15:41 +0000] [/novaversao/wp-content/cache/minify/d4f6f.js] [http://localhost/novaversao/] novaversao\/wp-includes/js/dist/api-fetch.min.js
[Wed, 21 Feb 2024 05:15:42 +0000] [/novaversao/wp-content/cache/minify/0df10.js] [http://localhost/novaversao/] novaversao\/wp-includes/js/dist/dom-ready.min.js
[Wed, 21 Feb 2024 05:15:42 +0000] [/novaversao/wp-content/cache/minify/11252.js] [http://localhost/novaversao/] novaversao\/wp-content/plugins/ultimate-addons-for-gutenberg/assets/js/image-gallery.min.js
novaversao\/wp-content/plugins/ultimate-addons-for-gutenberg/assets/js/isotope.min.js
novaversao\/wp-content/plugins/ultimate-addons-for-gutenberg/assets/js/imagesloaded.min.js
novaversao\/wp-content/plugins/ultimate-addons-for-gutenberg/assets/js/slick.min.js
novaversao\/wp-content/plugins/ultimate-addons-for-gutenberg/assets/js/swiper-bundle.min.js
novaversao\/wp-content/uploads/uag-plugin/assets/0/uag-js-254.js
novaversao\/wp-includes/js/dist/vendor/wp-polyfill-inert.min.js
novaversao\/wp-includes/js/dist/vendor/regenerator-runtime.min.js
novaversao\/wp-includes/js/dist/vendor/wp-polyfill.min.js
novaversao\/wp-includes/js/dist/vendor/react.min.js
novaversao\/wp-includes/js/dist/vendor/react-dom.min.js
novaversao\/wp-includes/js/dist/hooks.min.js
novaversao\/wp-includes/js/dist/i18n.min.js
[Wed, 21 Feb 2024 05:15:42 +0000] [/novaversao/wp-content/cache/minify/5f408.js] [http://localhost/novaversao/] novaversao\/wp-includes/js/dist/a11y.min.js
novaversao\/wp-includes/js/dist/deprecated.min.js
novaversao\/wp-includes/js/dist/dom.min.js
novaversao\/wp-includes/js/dist/escape-html.min.js
novaversao\/wp-includes/js/dist/element.min.js
novaversao\/wp-includes/js/dist/is-shallow-equal.min.js
[Wed, 21 Feb 2024 05:15:42 +0000] [/novaversao/wp-content/cache/minify/6981f.js] [http://localhost/novaversao/] novaversao\/wp-includes/js/dist/keycodes.min.js
novaversao\/wp-includes/js/dist/priority-queue.min.js
novaversao\/wp-includes/js/dist/compose.min.js
novaversao\/wp-includes/js/dist/vendor/moment.min.js
[Wed, 21 Feb 2024 05:15:44 +0000] [/novaversao/wp-content/cache/minify/30a74.js] [http://localhost/novaversao/] novaversao\/wp-includes/js/dist/date.min.js
[Wed, 21 Feb 2024 05:15:44 +0000] [/novaversao/wp-content/cache/minify/cb3fb.js] [http://localhost/novaversao/] novaversao\/wp-includes/js/dist/html-entities.min.js
novaversao\/wp-includes/js/dist/primitives.min.js
novaversao\/wp-includes/js/dist/private-apis.min.js
novaversao\/wp-includes/js/dist/redux-routine.min.js
novaversao\/wp-includes/js/dist/data.min.js
[Wed, 21 Feb 2024 05:15:44 +0000] [/novaversao/wp-content/cache/minify/bfd25.js] [http://localhost/novaversao/] novaversao\/wp-includes/js/dist/rich-text.min.js
novaversao\/wp-includes/js/dist/warning.min.js
[Wed, 21 Feb 2024 05:15:44 +0000] [/novaversao/wp-content/cache/minify/9884a.js] [http://localhost/novaversao/] novaversao\/wp-includes/js/dist/components.min.js
novaversao\/wp-includes/js/dist/plugins.min.js
novaversao\/wp-content/plugins/ultimate-addons-for-gutenberg/lib/zip-ai/sidebar/build/sidebar-app.js
