********************************************************************************
DUPLICATOR-LITE PACKAGE-LOG: 21 de February de 2024 05:34
NOTICE: Do NOT post to public sites or forums 
********************************************************************************
VERSION:	1.5.8.1
WORDPRESS:	6.4.3
PHP INFO:	8.2.12 | SAPI: apache2handler
SERVER:		Apache/2.4.58 (Win64) OpenSSL/3.1.3 PHP/8.2.12 
PHP TIME LIMIT: (0) no time limit imposed 
PHP MAX MEMORY: 4294967296 (512M default) 
MEMORY STACK: 78MB
[CTRL DUP ARCIVE] PACKAGE AS NEW ID 1 SAVED | STATUS:0
[DUP ARCHIVE] BUILDING DATABASE

********************************************************************************
DATABASE:
********************************************************************************
BUILD MODE:   MYSQLDUMP
MYSQLTIMEOUT: 5000
MYSQLDUMP:    Is Supported
SQL CREATED: perfilprofissional_99d6f82cc24bdd9f4149_20240221053256_database.sql
SQL FILE SIZE: 4.98MB (5227141)
SQL FILE TIME: 2024-02-21 05:34:17
SQL RUNTIME: 6.08 sec.
[DUP ARCHIVE] VALIDATING DATABASE
[DUP ARCHIVE] DONE DATABASE

********************************************************************************
ARCHIVE Type=DUP Mode=DupArchive
********************************************************************************
ARCHIVE DIR:  C:/xamppOK/htdocs/novaversao
ARCHIVE FILE: perfilprofissional_99d6f82cc24bdd9f4149_20240221053256_archive.daf
FILTERS: *OFF*
DIRS:
	not set
FILES:
	not set
EXTS:  not set
----------------------------------------
COMPRESSING
SIZE:	312.16MB
STATS:	Dirs 3,389 | Files 14,176 | Total 17,565
[DUP ARCHIVE] DONE ARCHIVE
[DUP ARCHIVE] DONE ARCHIVE
[DUP ARCHIVE] DONE ARCHIVE
[DUP ARCHIVE] DONE ARCHIVE
[DUP ARCHIVE] DONE ARCHIVE
[DUP ARCHIVE] DONE ARCHIVE
[DUP ARCHIVE] DONE ARCHIVE
[DUP ARCHIVE] DONE ARCHIVE
[DUP ARCHIVE] DONE ARCHIVE
building installer
[DUP ARCHIVE] DONE ARCHIVE
building installer
[DUP ARCHIVE] DONE ARCHIVE
building installer
[DUP ARCHIVE] DONE ARCHIVE
building installer
[DUP ARCHIVE] DONE ARCHIVE
building installer
[DUP ARCHIVE] DONE ARCHIVE
building installer
[DUP ARCHIVE] DONE ARCHIVE
building installer
[DUP ARCHIVE] DONE ARCHIVE
building installer
[DUP ARCHIVE] DONE ARCHIVE
building installer
[DUP ARCHIVE] DONE ARCHIVE
building installer
[DUP ARCHIVE] DONE ARCHIVE
building installer
[DUP ARCHIVE] DONE ARCHIVE

==================================================================================
DUPLICATOR ERROR
Please try again! If the error persists see the Duplicator 'Help' menu.
---------------------------------------------------------------------------------
MESSAGE:
	Build Failure
DETAILS:
	Package build appears stuck so marking package as failed. Is the Max Worker Time set too high?.
TRACE:
	 1. class.pack.archive.duparchive.php : error (36)
	 2. class.pack.archive.php : create (125)
	 3. class.pack.php : build (1312)
	 4. ctrl.package.php : runDupArchiveBuild (170)
	 5. class-wp-hook.php : duplicator_duparchive_package_build (324)
	 6. class-wp-hook.php : apply_filters (348)
	 7. plugin.php : do_action (517)
	 8. admin-ajax.php : do_action (188)
==================================================================================

[DUP ARCHIVE] DONE ARCHIVE
[DUP ARCHIVE] HAS COMPLETED CLOSING

********************************************************************************
RECORD ID:[1]
TOTAL PROCESS RUNTIME: 178.52 sec.
PEAK PHP MEMORY USED: 90MB
DONE PROCESSING => perfilprofissional 2024-02-21 05:37:09

